2024-08-10T12:37:33.875Z [info]: Bot started successfully.
2024-08-10T12:37:47.112Z [info]: Received text message: 89180512828
2024-08-10T12:37:47.113Z [info]: Normalized phone number: +79180512828
2024-08-10T12:37:47.357Z [info]: Sent client info message for phone: +79180512828
2024-08-10T12:38:01.360Z [info]: Requesting order amount.
2024-08-10T12:38:07.659Z [info]: Received text message: 330
2024-08-10T12:38:07.782Z [info]: Order created for user: +79180512828. Amount: 330
2024-08-10T12:38:16.480Z [info]: Received text message: 5
2024-08-10T12:38:21.445Z [info]: Received text message: 89180512828
2024-08-10T12:38:21.446Z [info]: Normalized phone number: +79180512828
2024-08-10T12:38:21.948Z [info]: Sent client info message for phone: +79180512828
2024-08-10T12:38:23.468Z [info]: Stamp added. Total stamps: 3
2024-08-10T12:38:28.674Z [info]: Stamp added. Total stamps: 4
2024-08-10T12:38:35.179Z [info]: Received text message: 0
2024-08-10T12:38:35.220Z [info]: Order created for user: +79180512828. Amount: 0
2024-08-10T12:38:43.449Z [info]: Received text message: 89530914476
2024-08-10T12:38:43.450Z [info]: Normalized phone number: +79530914476
2024-08-10T12:38:43.614Z [info]: Sent client info message for phone: +79530914476
2024-08-10T12:38:49.355Z [info]: Stamp added. Total stamps: NaN
2024-08-10T12:39:13.344Z [info]: Stamp added. Total stamps: NaN
2024-08-10T12:39:25.392Z [info]: Stamp added. Total stamps: NaN
2024-08-10T12:39:48.922Z [info]: Stamp added. Total stamps: NaN
2024-08-10T12:40:02.913Z [info]: Stamp added. Total stamps: NaN
2024-08-10T12:40:34.437Z [info]: Bot started successfully.
2024-08-10T12:40:43.236Z [info]: Received text message: 89530914476
2024-08-10T12:40:43.237Z [info]: Normalized phone number: +79530914476
2024-08-10T12:40:43.563Z [info]: Sent client info message for phone: +79530914476
2024-08-10T12:40:45.040Z [info]: Stamp added. Total stamps: NaN
2024-08-10T12:40:47.806Z [info]: Stamp added. Total stamps: NaN
2024-08-10T12:41:09.497Z [info]: Stamp added. Total stamps: NaN
2024-08-10T12:41:44.129Z [info]: Bot started successfully.
2024-08-10T12:41:56.144Z [info]: Received text message: 89530914476
2024-08-10T12:41:56.145Z [info]: Normalized phone number: +79530914476
2024-08-10T12:41:56.334Z [info]: Sent client info message for phone: +79530914476
2024-08-10T12:41:57.954Z [info]: Stamp added. Total stamps: 1
2024-08-10T12:42:00.159Z [info]: Stamp added. Total stamps: 2
2024-08-10T12:42:07.672Z [info]: Stamp added. Total stamps: 3
2024-08-10T12:42:09.191Z [info]: Stamp added. Total stamps: 4
2024-08-10T12:42:09.800Z [info]: Stamp added. Total stamps: 5
2024-08-10T12:42:11.582Z [info]: Stamp added. Total stamps: 6
2024-08-10T12:42:12.104Z [info]: Stamp added. Total stamps: 7
2024-08-10T12:42:13.589Z [info]: Reward redeemed. Stamps reset.
2024-08-10T12:43:28.767Z [info]: Bot started successfully.
2024-08-10T12:43:30.510Z [warn]: Client info requested without phone number.
2024-08-10T12:43:33.778Z [info]: Received text message: 89530914476
2024-08-10T12:43:33.779Z [info]: Normalized phone number: +79530914476
2024-08-10T12:43:33.997Z [info]: Sent client info message for phone: +79530914476
2024-08-10T12:43:35.953Z [info]: Stamp added. Total stamps: 1
2024-08-10T12:43:38.499Z [info]: Stamp added. Total stamps: 2
2024-08-10T12:43:39.600Z [info]: Stamp added. Total stamps: 3
2024-08-10T12:43:40.975Z [info]: Stamp added. Total stamps: 4
2024-08-10T12:43:41.277Z [info]: Stamp added. Total stamps: 5
2024-08-10T12:43:42.317Z [info]: Stamp added. Total stamps: 6
2024-08-10T12:43:45.002Z [info]: Stamp added. Total stamps: 7
2024-08-10T12:43:48.403Z [info]: Reward redeemed. Stamps reset.
2024-08-10T12:52:09.057Z [info] [undefined]: Bot started successfully.
2024-08-10T12:52:19.896Z [info] [developer]: Received text message: 89530914476
2024-08-10T12:52:19.897Z [info] [developer]: Normalized phone number: +79530914476
2024-08-10T12:52:20.409Z [info] [developer]: Sent client info message for phone: +79530914476
2024-08-10T12:53:13.315Z [info] [developer]: Received text message: 89530914476
2024-08-10T12:53:13.316Z [info] [developer]: Normalized phone number: +79530914476
2024-08-10T12:53:13.483Z [info] [developer]: Sent client info message for phone: +79530914476
2024-08-10T12:53:15.272Z [info] [developer]: Stamp added. Total stamps: 1
2024-08-10T12:53:16.669Z [info] [developer]: Stamp added. Total stamps: 2
2024-08-10T12:53:18.025Z [info] [developer]: Stamp added. Total stamps: 3
2024-08-10T12:53:18.886Z [info] [developer]: Stamp added. Total stamps: 4
2024-08-10T12:53:19.625Z [info] [developer]: Stamp added. Total stamps: 5
2024-08-10T12:53:20.400Z [info] [developer]: Stamp added. Total stamps: 6
2024-08-10T12:53:21.222Z [info] [developer]: Stamp added. Total stamps: 7
2024-08-10T12:53:23.276Z [info] [developer]: Reward redeemed. Stamps reset. 1723294403276
2024-08-10T12:55:52.277Z [info] [system]: Bot started successfully.
2024-08-10T12:56:17.337Z [info] [system] [0]: Bot started successfully.
2024-08-10T12:56:21.815Z [info] [developer] [275416286]: Received text message: 89530914476
2024-08-10T12:56:21.816Z [info] [developer] [275416286]: Normalized phone number: +79530914476
2024-08-10T12:56:25.391Z [info] [developer] [275416286]: Sent client info message for phone: +79530914476
2024-08-10T12:56:28.758Z [info] [developer] [275416286]: Stamp added. Total stamps: 1
2024-08-10T13:46:42.606Z [info] [system] [0]: Bot started successfully.
